[debug] [2021-01-11T21:05:01.108Z] ----------------------------------------------------------------------
[debug] [2021-01-11T21:05:01.122Z] Command:       C:\Program Files\nodejs\node.exe C:\Users\Asmaa Mostafa\AppData\Roaming\npm\node_modules\firebase-tools\lib\bin\firebase.js init
[debug] [2021-01-11T21:05:01.125Z] CLI Version:   9.1.2
[debug] [2021-01-11T21:05:01.125Z] Platform:      win32
[debug] [2021-01-11T21:05:01.126Z] Node Version:  v12.13.1
[debug] [2021-01-11T21:05:01.133Z] Time:          Mon Jan 11 2021 23:05:01 GMT+0200 (Eastern European Standard Time)
[debug] [2021-01-11T21:05:01.135Z] ----------------------------------------------------------------------
[debug] [2021-01-11T21:05:01.136Z] 
[debug] [2021-01-11T21:05:01.154Z] >>> [apiv2][query] GET https://firebase-public.firebaseio.com/cli.json [none]
[debug] [2021-01-11T21:05:01.235Z] > command requires scopes: ["email","openid","https://www.googleapis.com/auth/cloudplatformprojects.readonly","https://www.googleapis.com/auth/firebase","https://www.googleapis.com/auth/cloud-platform"]
[debug] [2021-01-11T21:05:01.237Z] > authorizing via signed-in user
[info] 
     ######## #### ########  ######## ########     ###     ######  ########
     ##        ##  ##     ## ##       ##     ##  ##   ##  ##       ##
     ######    ##  ########  ######   ########  #########  ######  ######
     ##        ##  ##    ##  ##       ##     ## ##     ##       ## ##
     ##       #### ##     ## ######## ########  ##     ##  ######  ########

You're about to initialize a Firebase project in this directory:

  D:\posts-app

[debug] [2021-01-11T21:05:02.512Z] <<< [apiv2][status] GET https://firebase-public.firebaseio.com/cli.json 200
[debug] [2021-01-11T21:05:02.514Z] <<< [apiv2][body] GET https://firebase-public.firebaseio.com/cli.json {"cloudBuildErrorAfter":1594252800000,"cloudBuildWarnAfter":1590019200000,"defaultNode10After":1594252800000,"minVersion":"3.0.5","node8DeploysDisabledAfter":1613390400000,"node8RuntimeDisabledAfter":1615809600000,"node8WarnAfter":1600128000000}
